<?xml version="1.0" encoding="UTF-8"?>
<!-- Generated by org.testng.reporters.JUnitReportReporter -->
<testsuite skipped="1" hostname="DELL-PC" name="Pack1.Iuejeva" tests="6" failures="0" timestamp="2020-06-24T12:47:12 EDT" time="0.030" errors="0">
  <testcase name="Demo20" time="0.011" classname="Pack1.Iuejeva"/>
  <system-out/>
  <testcase name="Demo7" time="0.002" classname="Pack1.Iuejeva"/>
  <system-out/>
  <testcase name="MobileDemo10" time="0.002" classname="Pack1.Iuejeva"/>
  <system-out/>
  <testcase name="MobileDemo9" time="0.010" classname="Pack1.Iuejeva"/>
  <system-out/>
  <testcase name="Demo8" time="0.005" classname="Pack1.Iuejeva"/>
  <system-out/>
  <testcase name="Demo19" classname="Pack1.Iuejeva">
    <skipped/>
  </testcase> <!-- Demo19 -->
  <system-out/>
</testsuite> <!-- Pack1.Iuejeva -->
